<?xml version="1.0" encoding="UTF-8"?>
<!-- Generated by org.testng.reporters.JUnitReportReporter -->
<testsuite skipped="0" hostname="SACHU-PC" name="Page" tests="1" failures="0" timestamp="19 Sep 2019 12:44:16 GMT" time="9.668" errors="0">
  <testcase name="testcase1" time="9.668" classname="Page"/>
</testsuite> <!-- Page -->
